<?xml version="1.0" encoding="UTF-8"?>
<!-- Generated by org.testng.reporters.JUnitReportReporter -->
<testsuite hostname="DESKTOP-BJ8IKLJ" name="testng.p1" tests="1" failures="0" timestamp="23 Apr 2019 03:20:57 GMT" time="0.011" errors="0">
  <testcase name="test" time="0.011" classname="testng.p1"/>
</testsuite> <!-- testng.p1 -->
