<?xml version="1.0" encoding="UTF-8"?>
<!-- Generated by org.testng.reporters.JUnitReportReporter -->
<testsuite hostname="DESKTOP-BJ8IKLJ" name="testng.reporter" tests="3" failures="0" timestamp="25 Apr 2019 03:39:52 GMT" time="0.020" errors="0">
  <testcase name="method1" time="0.016" classname="testng.reporter"/>
  <testcase name="method2" time="0.002" classname="testng.reporter"/>
  <testcase name="method3" time="0.002" classname="testng.reporter"/>
</testsuite> <!-- testng.reporter -->
