<?xml version="1.0" encoding="UTF-8"?>
<!-- Generated by org.testng.reporters.JUnitReportReporter -->
<testsuite hostname="DESKTOP-BJ8IKLJ" name="testng.p3" tests="2" failures="0" timestamp="24 Apr 2019 02:52:35 GMT" time="67.410" errors="0">
  <testcase name="method2" time="45.787" classname="testng.p3"/>
  <testcase name="method1" time="21.623" classname="testng.p3"/>
</testsuite> <!-- testng.p3 -->
