<?xml version="1.0" encoding="UTF-8"?>
<!-- Generated by org.testng.reporters.JUnitReportReporter -->
<testsuite hostname="DESKTOP-BJ8IKLJ" name="testng.p2" tests="1" failures="0" timestamp="23 Apr 2019 14:31:21 GMT" time="52.676" errors="0">
  <testcase name="method" time="52.676" classname="testng.p2"/>
</testsuite> <!-- testng.p2 -->
