<?xml version="1.0" encoding="UTF-8"?>
<!-- Generated by org.testng.reporters.JUnitReportReporter -->
<testsuite hostname="DESKTOP-BJ8IKLJ" name="testng.p5" tests="1" failures="0" timestamp="24 Apr 2019 03:31:45 GMT" time="0.007" errors="0">
  <testcase name="method2" time="0.007" classname="testng.p5"/>
</testsuite> <!-- testng.p5 -->
