<?xml version="1.0" encoding="UTF-8"?>
<!-- Generated by org.testng.reporters.JUnitReportReporter -->
<testsuite hostname="DESKTOP-BJ8IKLJ" name="testng.p6" tests="5" failures="0" timestamp="24 Apr 2019 03:49:29 GMT" time="0.031" errors="0">
  <testcase name="cmethod3" time="0.002" classname="testng.p6"/>
  <testcase name="amethod2" time="0.023" classname="testng.p6"/>
  <testcase name="bmethod1" time="0.002" classname="testng.p6"/>
  <testcase name="amethod2" time="0.002" classname="testng.p6"/>
  <testcase name="amethod2" time="0.002" classname="testng.p6"/>
</testsuite> <!-- testng.p6 -->
